<?xml version="1.0" encoding="UTF-8"?>
<testng-results skipped="0" failed="0" total="1" passed="1">
  <reporter-output>
  </reporter-output>
  <suite name="Framework.Framework.AppTest" duration-ms="10349" started-at="2016-01-24T22:31:53Z" finished-at="2016-01-24T22:32:03Z">
    <groups>
    </groups>
    <test name="Command line test" duration-ms="10349" started-at="2016-01-24T22:31:53Z" finished-at="2016-01-24T22:32:03Z">
      <class name="Framework.Framework.AppTest">
        <test-method status="PASS" signature="testApp()[pri:0, instance:Framework.Framework.AppTest@380fb434]" name="testApp" duration-ms="10316" started-at="2016-01-24T14:31:53Z" finished-at="2016-01-24T14:32:03Z">
          <reporter-output>
          </reporter-output>
        </test-method> <!-- testApp -->
      </class> <!-- Framework.Framework.AppTest -->
    </test> <!-- Command line test -->
  </suite> <!-- Framework.Framework.AppTest -->
</testng-results>
