<?xml version="1.0" encoding="UTF-8"?>
<testng-results skipped="0" failed="0" total="1" passed="1">
  <reporter-output>
  </reporter-output>
  <suite name="Suite" duration-ms="7811" started-at="2016-01-25T01:13:13Z" finished-at="2016-01-25T01:13:21Z">
    <groups>
    </groups>
    <test name="Firefox" duration-ms="7811" started-at="2016-01-25T01:13:13Z" finished-at="2016-01-25T01:13:21Z">
      <class name="Framework.Framework.AppTest">
        <test-method status="PASS" signature="testApp()[pri:0, instance:Framework.Framework.AppTest@66d33a]" name="testApp" duration-ms="7784" started-at="2016-01-24T17:13:13Z" finished-at="2016-01-24T17:13:21Z">
          <reporter-output>
          </reporter-output>
        </test-method> <!-- testApp -->
      </class> <!-- Framework.Framework.AppTest -->
    </test> <!-- Firefox -->
  </suite> <!-- Suite -->
</testng-results>
